<?xml version="1.0" encoding="UTF-8"?>
<!-- Generated by org.testng.reporters.JUnitReportReporter -->
<testsuite hostname="KABIR" failures="0" tests="8" name="test.TestSearch" time="170.317" errors="0" timestamp="2023-01-17T18:16:34 EST" skipped="0">
  <testcase classname="test.TestSearch" name="addItemInCarts" time="26.845"/>
  <system-out/>
  <testcase classname="test.TestSearch" name="searchPaperNapkins" time="25.821"/>
  <system-out/>
  <testcase classname="test.TestSearch" name="loginButton" time="17.371"/>
  <system-out/>
  <testcase classname="test.TestSearch" name="signInButton" time="20.978"/>
  <system-out/>
  <testcase classname="test.TestSearch" name="floatingButton" time="25.880"/>
  <system-out/>
  <testcase classname="test.TestSearch" name="searchBicyclesForToddler" time="16.206"/>
  <system-out/>
  <testcase classname="test.TestSearch" name="searchGamesToys" time="15.300"/>
  <system-out/>
  <testcase classname="test.TestSearch" name="findStoreLocation" time="21.916"/>
  <system-out/>
</testsuite> <!-- test.TestSearch -->
